<?xml version="1.0" encoding="UTF-8"?>
<!-- Generated by org.testng.reporters.JUnitXMLReporter -->
<testsuite ignored="0" hostname="DESKTOP-MR9MDOU" failures="0" tests="4" name="Surefire test" time="37.627" errors="0" timestamp="2022-03-28T18:36:34 BRT">
  <testcase classname="test.Tests" name="test1" time="10.285"/>
  <testcase classname="test.Tests" name="test2" time="5.611"/>
  <testcase classname="test.Tests" name="test3" time="10.266"/>
  <testcase classname="test.Tests" name="test4" time="11.374"/>
</testsuite> <!-- Surefire test -->
