<?xml version="1.0" encoding="UTF-8"?>
<testng-results ignored="0" total="4" passed="4" failed="0" skipped="0">
  <reporter-output>
  </reporter-output>
  <suite started-at="2022-03-28T18:35:56 BRT" name="Surefire suite" finished-at="2022-03-28T18:36:34 BRT" duration-ms="37627">
    <groups>
    </groups>
    <test started-at="2022-03-28T18:35:56 BRT" name="Surefire test" finished-at="2022-03-28T18:36:34 BRT" duration-ms="37627">
      <class name="test.Tests">
        <test-method is-config="true" signature="startTestSuite()[pri:0, instance:test.Tests@64ba3208]" started-at="2022-03-28T18:35:42 BRT" name="startTestSuite" finished-at="2022-03-28T18:35:56 BRT" duration-ms="14148" status="PASS">
          <reporter-output>
          </reporter-output>
        </test-method> <!-- startTestSuite -->
        <test-method signature="test1()[pri:0, instance:test.Tests@64ba3208]" started-at="2022-03-28T18:35:56 BRT" name="test1" finished-at="2022-03-28T18:36:07 BRT" duration-ms="10285" status="PASS">
          <reporter-output>
          </reporter-output>
        </test-method> <!-- test1 -->
        <test-method signature="test2()[pri:0, instance:test.Tests@64ba3208]" started-at="2022-03-28T18:36:07 BRT" name="test2" finished-at="2022-03-28T18:36:12 BRT" duration-ms="5611" status="PASS">
          <reporter-output>
          </reporter-output>
        </test-method> <!-- test2 -->
        <test-method signature="test3()[pri:0, instance:test.Tests@64ba3208]" started-at="2022-03-28T18:36:12 BRT" name="test3" finished-at="2022-03-28T18:36:22 BRT" duration-ms="10266" status="PASS">
          <reporter-output>
          </reporter-output>
        </test-method> <!-- test3 -->
        <test-method signature="test4()[pri:0, instance:test.Tests@64ba3208]" started-at="2022-03-28T18:36:22 BRT" name="test4" finished-at="2022-03-28T18:36:34 BRT" duration-ms="11374" status="PASS">
          <reporter-output>
          </reporter-output>
        </test-method> <!-- test4 -->
        <test-method is-config="true" signature="endTestSuite()[pri:0, instance:test.Tests@64ba3208]" started-at="2022-03-28T18:36:34 BRT" name="endTestSuite" finished-at="2022-03-28T18:36:34 BRT" duration-ms="353" status="PASS">
          <reporter-output>
          </reporter-output>
        </test-method> <!-- endTestSuite -->
      </class> <!-- test.Tests -->
    </test> <!-- Surefire test -->
  </suite> <!-- Surefire suite -->
</testng-results>
